#! /usr/bin/vvp
:ivl_version "11.0 (stable)";
:ivl_delay_selection "TYPICAL";
:vpi_time_precision + 0;
:vpi_module "/usr/lib/aarch64-linux-gnu/ivl/system.vpi";
:vpi_module "/usr/lib/aarch64-linux-gnu/ivl/vhdl_sys.vpi";
:vpi_module "/usr/lib/aarch64-linux-gnu/ivl/vhdl_textio.vpi";
:vpi_module "/usr/lib/aarch64-linux-gnu/ivl/v2005_math.vpi";
:vpi_module "/usr/lib/aarch64-linux-gnu/ivl/va_math.vpi";
S_0xbc1c2c5b1cf0 .scope module, "mdio_receptor" "mdio_receptor" 2 1;
 .timescale 0 0;
    .port_info 0 /INPUT 1 "MDC";
    .port_info 1 /INPUT 1 "RESET";
    .port_info 2 /INPUT 1 "MDIO_OUT";
    .port_info 3 /INPUT 1 "MDIO_OE";
    .port_info 4 /INPUT 16 "RD_DATA";
    .port_info 5 /OUTPUT 1 "MDIO_DONE";
    .port_info 6 /OUTPUT 1 "MDIO_IN";
    .port_info 7 /OUTPUT 5 "ADDR";
    .port_info 8 /OUTPUT 5 "REGADR";
    .port_info 9 /OUTPUT 16 "WR_DATA";
    .port_info 10 /OUTPUT 1 "WR_STB";
P_0xbc1c2c5b1e80 .param/l "ACTIVE" 1 2 26, C4<1000>;
P_0xbc1c2c5b1ec0 .param/l "IDLE" 1 2 22, C4<0001>;
P_0xbc1c2c5b1f00 .param/l "READ" 1 2 24, C4<0010>;
P_0xbc1c2c5b1f40 .param/l "WE" 1 2 23, C4<0110>;
P_0xbc1c2c5b1f80 .param/l "WRITE" 1 2 25, C4<0100>;
v0xbc1c2c5d9010_0 .var "ADDR", 4 0;
o0xe38674c2f048 .functor BUFZ 1, C4<z>; HiZ drive
v0xbc1c2c60ba40_0 .net "MDC", 0 0, o0xe38674c2f048;  0 drivers
v0xbc1c2c60bb00_0 .var "MDIO_DONE", 0 0;
v0xbc1c2c60bba0_0 .var "MDIO_IN", 0 0;
o0xe38674c2f0d8 .functor BUFZ 1, C4<z>; HiZ drive
v0xbc1c2c60bc60_0 .net "MDIO_OE", 0 0, o0xe38674c2f0d8;  0 drivers
o0xe38674c2f108 .functor BUFZ 1, C4<z>; HiZ drive
v0xbc1c2c60bd70_0 .net "MDIO_OUT", 0 0, o0xe38674c2f108;  0 drivers
o0xe38674c2f138 .functor BUFZ 16, C4<zzzzzzzzzzzzzzzz>; HiZ drive
v0xbc1c2c60be30_0 .net "RD_DATA", 15 0, o0xe38674c2f138;  0 drivers
v0xbc1c2c60bf10_0 .var "REGADR", 4 0;
o0xe38674c2f198 .functor BUFZ 1, C4<z>; HiZ drive
v0xbc1c2c60bff0_0 .net "RESET", 0 0, o0xe38674c2f198;  0 drivers
v0xbc1c2c60c0b0_0 .var "WR_DATA", 15 0;
v0xbc1c2c60c190_0 .var "WR_STB", 0 0;
v0xbc1c2c60c250_0 .var "counter", 4 0;
v0xbc1c2c60c330 .array "mem", 4 0, 15 0;
v0xbc1c2c60c3f0_0 .var "prox_state", 3 0;
v0xbc1c2c60c4d0_0 .var "state", 3 0;
v0xbc1c2c60c5b0_0 .var "tipo", 1 0;
E_0xbc1c2c5ec3a0/0 .event edge, v0xbc1c2c60c4d0_0, v0xbc1c2c60bc60_0, v0xbc1c2c60c5b0_0, v0xbc1c2c60c250_0;
E_0xbc1c2c5ec3a0/1 .event edge, v0xbc1c2c60c0b0_0, v0xbc1c2c5d9010_0;
E_0xbc1c2c5ec3a0 .event/or E_0xbc1c2c5ec3a0/0, E_0xbc1c2c5ec3a0/1;
E_0xbc1c2c5ec500 .event posedge, v0xbc1c2c60ba40_0;
    .scope S_0xbc1c2c5b1cf0;
T_0 ;
    %wait E_0xbc1c2c5ec500;
    %load/vec4 v0xbc1c2c60bff0_0;
    %nor/r;
    %flag_set/vec4 8;
    %jmp/0xz  T_0.0, 8;
    %pushi/vec4 0, 0, 1;
    %assign/vec4 v0xbc1c2c60bb00_0, 0;
    %pushi/vec4 0, 0, 1;
    %assign/vec4 v0xbc1c2c60bba0_0, 0;
    %pushi/vec4 0, 0, 5;
    %assign/vec4 v0xbc1c2c5d9010_0, 0;
    %pushi/vec4 0, 0, 5;
    %assign/vec4 v0xbc1c2c60bf10_0, 0;
    %pushi/vec4 0, 0, 16;
    %assign/vec4 v0xbc1c2c60c0b0_0, 0;
    %pushi/vec4 0, 0, 1;
    %assign/vec4 v0xbc1c2c60c190_0, 0;
    %pushi/vec4 0, 0, 5;
    %assign/vec4 v0xbc1c2c60c250_0, 0;
    %pushi/vec4 1, 0, 4;
    %assign/vec4 v0xbc1c2c60c4d0_0, 0;
    %jmp T_0.1;
T_0.0 ;
    %load/vec4 v0xbc1c2c60c3f0_0;
    %assign/vec4 v0xbc1c2c60c4d0_0, 0;
T_0.1 ;
    %jmp T_0;
    .thread T_0;
    .scope S_0xbc1c2c5b1cf0;
T_1 ;
    %wait E_0xbc1c2c5ec500;
    %load/vec4 v0xbc1c2c60c4d0_0;
    %dup/vec4;
    %pushi/vec4 8, 0, 4;
    %cmp/u;
    %jmp/1 T_1.0, 6;
    %dup/vec4;
    %pushi/vec4 2, 0, 4;
    %cmp/u;
    %jmp/1 T_1.1, 6;
    %dup/vec4;
    %pushi/vec4 4, 0, 4;
    %cmp/u;
    %jmp/1 T_1.2, 6;
    %jmp T_1.3;
T_1.0 ;
    %pushi/vec4 2, 0, 32;
    %load/vec4 v0xbc1c2c60c250_0;
    %pad/u 32;
    %cmp/u;
    %flag_get/vec4 4;
    %flag_get/vec4 5;
    %or;
    %load/vec4 v0xbc1c2c60c250_0;
    %pad/u 32;
    %cmpi/u 4, 0, 32;
    %flag_get/vec4 5;
    %and;
    %flag_set/vec4 8;
    %jmp/0xz  T_1.4, 8;
    %load/vec4 v0xbc1c2c60bd70_0;
    %pushi/vec4 2, 0, 32;
    %load/vec4 v0xbc1c2c60c250_0;
    %pad/u 32;
    %sub;
    %ix/vec4 4;
    %store/vec4 v0xbc1c2c60c5b0_0, 4, 1;
T_1.4 ;
    %pushi/vec4 4, 0, 32;
    %load/vec4 v0xbc1c2c60c250_0;
    %pad/u 32;
    %cmp/u;
    %flag_get/vec4 4;
    %flag_get/vec4 5;
    %or;
    %load/vec4 v0xbc1c2c60c250_0;
    %pad/u 32;
    %cmpi/u 9, 0, 32;
    %flag_get/vec4 5;
    %and;
    %flag_set/vec4 8;
    %jmp/0xz  T_1.6, 8;
    %load/vec4 v0xbc1c2c60bd70_0;
    %ix/load 5, 0, 0;
    %pushi/vec4 9, 0, 32;
    %load/vec4 v0xbc1c2c60c250_0;
    %pad/u 32;
    %sub;
    %ix/vec4 4;
    %assign/vec4/off/d v0xbc1c2c5d9010_0, 4, 5;
T_1.6 ;
    %load/vec4 v0xbc1c2c60c250_0;
    %addi 1, 0, 5;
    %assign/vec4 v0xbc1c2c60c250_0, 0;
    %jmp T_1.3;
T_1.1 ;
    %load/vec4 v0xbc1c2c60c250_0;
    %addi 1, 0, 5;
    %assign/vec4 v0xbc1c2c60c250_0, 0;
    %pushi/vec4 0, 0, 32;
    %load/vec4 v0xbc1c2c60c250_0;
    %pad/u 32;
    %cmp/u;
    %flag_get/vec4 4;
    %flag_get/vec4 5;
    %or;
    %load/vec4 v0xbc1c2c60c250_0;
    %pad/u 32;
    %cmpi/u 16, 0, 32;
    %flag_get/vec4 4;
    %flag_get/vec4 5;
    %or;
    %and;
    %flag_set/vec4 8;
    %jmp/0xz  T_1.8, 8;
    %load/vec4 v0xbc1c2c60bb00_0;
    %flag_set/vec4 8;
    %jmp/0xz  T_1.10, 8;
    %load/vec4 v0xbc1c2c60be30_0;
    %pad/u 1;
    %assign/vec4 v0xbc1c2c60bba0_0, 0;
T_1.10 ;
T_1.8 ;
    %jmp T_1.3;
T_1.2 ;
    %load/vec4 v0xbc1c2c60c250_0;
    %pad/u 32;
    %cmpi/u 16, 0, 32;
    %flag_inv 5; GE is !LT
    %jmp/0xz  T_1.12, 5;
    %load/vec4 v0xbc1c2c60bd70_0;
    %ix/load 5, 0, 0;
    %pushi/vec4 31, 0, 32;
    %load/vec4 v0xbc1c2c60c250_0;
    %pad/u 32;
    %sub;
    %ix/vec4 4;
    %assign/vec4/off/d v0xbc1c2c60c0b0_0, 4, 5;
T_1.12 ;
    %load/vec4 v0xbc1c2c60c250_0;
    %addi 1, 0, 5;
    %assign/vec4 v0xbc1c2c60c250_0, 0;
    %jmp T_1.3;
T_1.3 ;
    %pop/vec4 1;
    %jmp T_1;
    .thread T_1;
    .scope S_0xbc1c2c5b1cf0;
T_2 ;
    %wait E_0xbc1c2c5ec3a0;
    %load/vec4 v0xbc1c2c60c4d0_0;
    %store/vec4 v0xbc1c2c60c3f0_0, 0, 4;
    %load/vec4 v0xbc1c2c60c4d0_0;
    %dup/vec4;
    %pushi/vec4 1, 0, 4;
    %cmp/u;
    %jmp/1 T_2.0, 6;
    %dup/vec4;
    %pushi/vec4 8, 0, 4;
    %cmp/u;
    %jmp/1 T_2.1, 6;
    %dup/vec4;
    %pushi/vec4 4, 0, 4;
    %cmp/u;
    %jmp/1 T_2.2, 6;
    %dup/vec4;
    %pushi/vec4 6, 0, 4;
    %cmp/u;
    %jmp/1 T_2.3, 6;
    %dup/vec4;
    %pushi/vec4 2, 0, 4;
    %cmp/u;
    %jmp/1 T_2.4, 6;
    %jmp T_2.5;
T_2.0 ;
    %load/vec4 v0xbc1c2c60bc60_0;
    %flag_set/vec4 8;
    %jmp/0xz  T_2.6, 8;
    %pushi/vec4 8, 0, 4;
    %store/vec4 v0xbc1c2c60c3f0_0, 0, 4;
T_2.6 ;
    %jmp T_2.5;
T_2.1 ;
    %load/vec4 v0xbc1c2c60c5b0_0;
    %cmpi/e 2, 0, 2;
    %jmp/0xz  T_2.8, 4;
    %pushi/vec4 2, 0, 4;
    %store/vec4 v0xbc1c2c60c3f0_0, 0, 4;
    %jmp T_2.9;
T_2.8 ;
    %load/vec4 v0xbc1c2c60c5b0_0;
    %cmpi/e 1, 0, 2;
    %jmp/0xz  T_2.10, 4;
    %pushi/vec4 4, 0, 4;
    %store/vec4 v0xbc1c2c60c3f0_0, 0, 4;
    %jmp T_2.11;
T_2.10 ;
    %pushi/vec4 1, 0, 4;
    %store/vec4 v0xbc1c2c60c3f0_0, 0, 4;
T_2.11 ;
T_2.9 ;
    %jmp T_2.5;
T_2.2 ;
    %load/vec4 v0xbc1c2c60c250_0;
    %pad/u 32;
    %cmpi/e 32, 0, 32;
    %jmp/0xz  T_2.12, 4;
    %pushi/vec4 6, 0, 4;
    %assign/vec4 v0xbc1c2c60c4d0_0, 0;
    %pushi/vec4 1, 0, 1;
    %assign/vec4 v0xbc1c2c60bb00_0, 0;
    %pushi/vec4 1, 0, 1;
    %assign/vec4 v0xbc1c2c60c190_0, 0;
T_2.12 ;
    %jmp T_2.5;
T_2.3 ;
    %load/vec4 v0xbc1c2c60c0b0_0;
    %ix/getv 3, v0xbc1c2c5d9010_0;
    %ix/load 4, 0, 0; Constant delay
    %assign/vec4/a/d v0xbc1c2c60c330, 0, 4;
    %pushi/vec4 0, 0, 1;
    %assign/vec4 v0xbc1c2c60bb00_0, 0;
    %pushi/vec4 0, 0, 1;
    %assign/vec4 v0xbc1c2c60c190_0, 0;
    %pushi/vec4 1, 0, 4;
    %store/vec4 v0xbc1c2c60c3f0_0, 0, 4;
    %jmp T_2.5;
T_2.4 ;
    %jmp T_2.5;
T_2.5 ;
    %pop/vec4 1;
    %jmp T_2;
    .thread T_2, $push;
# The file index is used to find the file name in the following table.
:file_names 3;
    "N/A";
    "<interactive>";
    "receptor.v";
